

     *****************************************************************************
     ***         MC-GPU, version 1.3 (http://code.google.com/p/mcgpu/)         ***
     ***                                                                       ***
     ***  A. Badal and A. Badano, "Accelerating Monte Carlo simulations of     *** 
     ***  photon transport in a voxelized geometry using a massively parallel  *** 
     ***  Graphics Processing Unit", Medical Physics 36, pp. 4878–4880 (2009)  ***
     ***                                                                       ***
     ***                     Andreu Badal (Andreu.Badal-Soler@fda.hhs.gov)     ***
     *****************************************************************************

****** Code execution started on: Sun Sep  6 15:01:43 2015



             *** SIMULATION IN THE CPU ***

    -- INITIALIZATION phase:

    -- Reading the input file 'MC-GPU_v1.3_6voxels.in':
       Material dose deposition tally ENABLED.
       3D voxel dose deposition tally ENABLED.

       Source pointing to (0,1,0): detector not rotated, initial location in voxels found faster.
       Array for 4 scatter images correctly allocated (90000 pixels, 2.746582 Mbytes)
       Array for the deposited dose ROI (and uncertainty) correctly allocated (6 voxels, 0.000092 Mbytes)
    -- Reading the energy spectrum and initializing the Walker aliasing sampling algorithm.
              x-ray tracks to simulate = 100000000
                   initial random seed = 271828182
      azimuthal (phi), polar apertures = 42.000001 , 39.000002 degrees
                   focal spot position = (15.000000, -45.000000, 15.000000)
                      source direction = (0.000000, 1.000000, 0.000000)
                  initial angle from X = 0.000000
              source-detector distance = 100.000000 cm
                       detector center = (15.000000, 55.000000, 15.000000)
           detector low corner (at +Y) = (-30.000000, 55.000000, -30.000000)
                number of pixels image = 300x300 = 90000
                            pixel size = 0.300x0.300 cm
                 number of projections = 1
                      Input voxel file = 6voxels.vox
                     Output image file = mc-gpu_image.dat
                      Output dose file = mc-gpu_dose.dat
         Input region of interest dose = X[1,3], Y[1,1], Z[1,2]

                  Energy spectrum file = 90keV.spc
            number of energy bins read = 1
             minimum, maximum energies = 90.000, 90.000 keV
                  mean energy spectrum = 90.000 keV


    -- Reading voxel file '6voxels.vox':
         (note that MC-GPU can also read voxel and material files compressed with gzip)
       Number of voxels in the input geometry file: 3 x 1 x 2 =  6
       Size of the input voxels: 10.000000 x 10.000000 x 15.000000 cm  (voxel volume=1500.000000 cm^3)
       Voxel bounding box size: 30.000000 x 10.000000 x 30.000000 cm
       The voxel dose tally ROI covers the entire voxelized phantom: the dose to every voxel will be tallied.

    -- Initializing the voxel material and density vector (0.000046 Mbytes)...
       Total number of voxels read: 6
       Total CPU memory allocated for voxels vector and data structures = 4.215803 Mbytes

    -- Reading the material data files (MAX_MATERIALS=15):
         Mat 1: File '../MC-GPU_material_files/water__5-120keV.mcgpu.gz'
                Nominal density = 1.000000 g/cm^3; Max density in voxels = 1.500000 g/cm^3
                Number of energy values in the mean free path database: 23001.
                Linear interpolation data correctly allocated (8.072250 Mbytes)
                Lowest energy first bin = 5000.000000 eV, last bin = 120000.000000 eV; bin width = 5.000000 eV
         Mat 2: File '../MC-GPU_material_files/bone_ICRP110__5-120keV.mcgpu.gz'
                Nominal density = 1.920000 g/cm^3; Max density in voxels = 1.500000 g/cm^3

    -- INITIALIZATION finished: elapsed time = 0.122 s. 



    -- MONTE CARLO LOOP phase. Time: Sun Sep  6 15:01:43 2015


       Executing 1000000 history batches in the CPU, with 100 histories in each batch: 100000000 histories in total.

